<?xml version="1.0" encoding="UTF-8"?>
<testsuite xmlns:xsi="http://www.w3.org/2001/XMLSchema-instance" xsi:noNamespaceSchemaLocation="https://maven.apache.org/surefire/maven-surefire-plugin/xsd/surefire-test-report.xsd" name="com.ae.SpringKafkaAEApplicationTest" time="9.737" tests="1" errors="0" skipped="0" failures="0">
  <properties>
    <property name="sun.desktop" value="gnome"/>
    <property name="awt.toolkit" value="sun.awt.X11.XToolkit"/>
    <property name="file.encoding.pkg" value="sun.io"/>
    <property name="java.specification.version" value="1.8"/>
    <property name="sun.cpu.isalist" value=""/>
    <property name="sun.jnu.encoding" value="UTF-8"/>
    <property name="java.class.path" value="/cdrom/Satnam Backup/spring-kafka/testae/target/test-classes:/cdrom/Satnam Backup/spring-kafka/testae/target/classes:/home/ubuntu/.m2/repository/org/springframework/boot/spring-boot-starter/2.1.0.RELEASE/spring-boot-starter-2.1.0.RELEASE.jar:/home/ubuntu/.m2/repository/org/springframework/boot/spring-boot/2.1.0.RELEASE/spring-boot-2.1.0.RELEASE.jar:/home/ubuntu/.m2/repository/org/springframework/boot/spring-boot-autoconfigure/2.1.0.RELEASE/spring-boot-autoconfigure-2.1.0.RELEASE.jar:/home/ubuntu/.m2/repository/org/springframework/boot/spring-boot-starter-logging/2.1.0.RELEASE/spring-boot-starter-logging-2.1.0.RELEASE.jar:/home/ubuntu/.m2/repository/ch/qos/logback/logback-classic/1.2.3/logback-classic-1.2.3.jar:/home/ubuntu/.m2/repository/ch/qos/logback/logback-core/1.2.3/logback-core-1.2.3.jar:/home/ubuntu/.m2/repository/org/apache/logging/log4j/log4j-to-slf4j/2.11.1/log4j-to-slf4j-2.11.1.jar:/home/ubuntu/.m2/repository/org/apache/logging/log4j/log4j-api/2.11.1/log4j-api-2.11.1.jar:/home/ubuntu/.m2/repository/org/slf4j/jul-to-slf4j/1.7.25/jul-to-slf4j-1.7.25.jar:/home/ubuntu/.m2/repository/javax/annotation/javax.annotation-api/1.3.2/javax.annotation-api-1.3.2.jar:/home/ubuntu/.m2/repository/org/springframework/spring-core/5.1.2.RELEASE/spring-core-5.1.2.RELEASE.jar:/home/ubuntu/.m2/repository/org/springframework/spring-jcl/5.1.2.RELEASE/spring-jcl-5.1.2.RELEASE.jar:/home/ubuntu/.m2/repository/org/yaml/snakeyaml/1.23/snakeyaml-1.23.jar:/home/ubuntu/.m2/repository/org/springframework/kafka/spring-kafka/2.2.0.RELEASE/spring-kafka-2.2.0.RELEASE.jar:/home/ubuntu/.m2/repository/org/springframework/spring-context/5.1.2.RELEASE/spring-context-5.1.2.RELEASE.jar:/home/ubuntu/.m2/repository/org/springframework/spring-aop/5.1.2.RELEASE/spring-aop-5.1.2.RELEASE.jar:/home/ubuntu/.m2/repository/org/springframework/spring-beans/5.1.2.RELEASE/spring-beans-5.1.2.RELEASE.jar:/home/ubuntu/.m2/repository/org/springframework/spring-expression/5.1.2.RELEASE/spring-expression-5.1.2.RELEASE.jar:/home/ubuntu/.m2/repository/org/springframework/spring-messaging/5.1.2.RELEASE/spring-messaging-5.1.2.RELEASE.jar:/home/ubuntu/.m2/repository/org/springframework/spring-tx/5.1.2.RELEASE/spring-tx-5.1.2.RELEASE.jar:/home/ubuntu/.m2/repository/org/springframework/retry/spring-retry/1.2.2.RELEASE/spring-retry-1.2.2.RELEASE.jar:/home/ubuntu/.m2/repository/org/apache/kafka/kafka-clients/2.0.0/kafka-clients-2.0.0.jar:/home/ubuntu/.m2/repository/org/lz4/lz4-java/1.4.1/lz4-java-1.4.1.jar:/home/ubuntu/.m2/repository/org/xerial/snappy/snappy-java/1.1.7.1/snappy-java-1.1.7.1.jar:/home/ubuntu/.m2/repository/org/slf4j/slf4j-api/1.7.25/slf4j-api-1.7.25.jar:/home/ubuntu/.m2/repository/org/springframework/boot/spring-boot-starter-test/2.1.0.RELEASE/spring-boot-starter-test-2.1.0.RELEASE.jar:/home/ubuntu/.m2/repository/org/springframework/boot/spring-boot-test/2.1.0.RELEASE/spring-boot-test-2.1.0.RELEASE.jar:/home/ubuntu/.m2/repository/org/springframework/boot/spring-boot-test-autoconfigure/2.1.0.RELEASE/spring-boot-test-autoconfigure-2.1.0.RELEASE.jar:/home/ubuntu/.m2/repository/com/jayway/jsonpath/json-path/2.4.0/json-path-2.4.0.jar:/home/ubuntu/.m2/repository/net/minidev/json-smart/2.3/json-smart-2.3.jar:/home/ubuntu/.m2/repository/net/minidev/accessors-smart/1.2/accessors-smart-1.2.jar:/home/ubuntu/.m2/repository/org/ow2/asm/asm/5.0.4/asm-5.0.4.jar:/home/ubuntu/.m2/repository/junit/junit/4.12/junit-4.12.jar:/home/ubuntu/.m2/repository/org/assertj/assertj-core/3.11.1/assertj-core-3.11.1.jar:/home/ubuntu/.m2/repository/org/mockito/mockito-core/2.23.0/mockito-core-2.23.0.jar:/home/ubuntu/.m2/repository/net/bytebuddy/byte-buddy-agent/1.9.3/byte-buddy-agent-1.9.3.jar:/home/ubuntu/.m2/repository/org/objenesis/objenesis/2.6/objenesis-2.6.jar:/home/ubuntu/.m2/repository/org/hamcrest/hamcrest-core/1.3/hamcrest-core-1.3.jar:/home/ubuntu/.m2/repository/org/hamcrest/hamcrest-library/1.3/hamcrest-library-1.3.jar:/home/ubuntu/.m2/repository/org/skyscreamer/jsonassert/1.5.0/jsonassert-1.5.0.jar:/home/ubuntu/.m2/repository/com/vaadin/external/google/android-json/0.0.20131108.vaadin1/android-json-0.0.20131108.vaadin1.jar:/home/ubuntu/.m2/repository/org/springframework/spring-test/5.1.2.RELEASE/spring-test-5.1.2.RELEASE.jar:/home/ubuntu/.m2/repository/org/xmlunit/xmlunit-core/2.6.2/xmlunit-core-2.6.2.jar:/home/ubuntu/.m2/repository/org/springframework/kafka/spring-kafka-test/2.2.0.RELEASE/spring-kafka-test-2.2.0.RELEASE.jar:/home/ubuntu/.m2/repository/org/apache/kafka/kafka-clients/2.0.0/kafka-clients-2.0.0-test.jar:/home/ubuntu/.m2/repository/org/apache/kafka/kafka_2.11/2.0.0/kafka_2.11-2.0.0.jar:/home/ubuntu/.m2/repository/com/fasterxml/jackson/core/jackson-databind/2.9.7/jackson-databind-2.9.7.jar:/home/ubuntu/.m2/repository/com/fasterxml/jackson/core/jackson-annotations/2.9.0/jackson-annotations-2.9.0.jar:/home/ubuntu/.m2/repository/com/fasterxml/jackson/core/jackson-core/2.9.7/jackson-core-2.9.7.jar:/home/ubuntu/.m2/repository/net/sf/jopt-simple/jopt-simple/5.0.4/jopt-simple-5.0.4.jar:/home/ubuntu/.m2/repository/com/yammer/metrics/metrics-core/2.2.0/metrics-core-2.2.0.jar:/home/ubuntu/.m2/repository/org/scala-lang/scala-library/2.11.12/scala-library-2.11.12.jar:/home/ubuntu/.m2/repository/org/scala-lang/scala-reflect/2.11.12/scala-reflect-2.11.12.jar:/home/ubuntu/.m2/repository/com/typesafe/scala-logging/scala-logging_2.11/3.9.0/scala-logging_2.11-3.9.0.jar:/home/ubuntu/.m2/repository/com/101tec/zkclient/0.10/zkclient-0.10.jar:/home/ubuntu/.m2/repository/org/apache/zookeeper/zookeeper/3.4.13/zookeeper-3.4.13.jar:/home/ubuntu/.m2/repository/org/apache/yetus/audience-annotations/0.5.0/audience-annotations-0.5.0.jar:/home/ubuntu/.m2/repository/org/apache/kafka/kafka_2.11/2.0.0/kafka_2.11-2.0.0-test.jar:/home/ubuntu/.m2/repository/org/testng/testng/6.8/testng-6.8.jar:/home/ubuntu/.m2/repository/org/beanshell/bsh/2.0b4/bsh-2.0b4.jar:/home/ubuntu/.m2/repository/com/beust/jcommander/1.27/jcommander-1.27.jar:/home/ubuntu/.m2/repository/org/seleniumhq/selenium/selenium-java/3.141.59/selenium-java-3.141.59.jar:/home/ubuntu/.m2/repository/org/seleniumhq/selenium/selenium-api/3.14.0/selenium-api-3.14.0.jar:/home/ubuntu/.m2/repository/org/seleniumhq/selenium/selenium-chrome-driver/3.14.0/selenium-chrome-driver-3.14.0.jar:/home/ubuntu/.m2/repository/commons-codec/commons-codec/1.11/commons-codec-1.11.jar:/home/ubuntu/.m2/repository/commons-logging/commons-logging/1.2/commons-logging-1.2.jar:/home/ubuntu/.m2/repository/org/apache/httpcomponents/httpclient/4.5.6/httpclient-4.5.6.jar:/home/ubuntu/.m2/repository/org/apache/httpcomponents/httpcore/4.4.10/httpcore-4.4.10.jar:/home/ubuntu/.m2/repository/org/seleniumhq/selenium/selenium-edge-driver/3.14.0/selenium-edge-driver-3.14.0.jar:/home/ubuntu/.m2/repository/org/seleniumhq/selenium/selenium-firefox-driver/3.14.0/selenium-firefox-driver-3.14.0.jar:/home/ubuntu/.m2/repository/org/seleniumhq/selenium/selenium-ie-driver/3.14.0/selenium-ie-driver-3.14.0.jar:/home/ubuntu/.m2/repository/org/seleniumhq/selenium/selenium-opera-driver/3.14.0/selenium-opera-driver-3.14.0.jar:/home/ubuntu/.m2/repository/org/seleniumhq/selenium/selenium-remote-driver/3.14.0/selenium-remote-driver-3.14.0.jar:/home/ubuntu/.m2/repository/org/seleniumhq/selenium/selenium-safari-driver/3.14.0/selenium-safari-driver-3.14.0.jar:/home/ubuntu/.m2/repository/org/seleniumhq/selenium/selenium-support/3.14.0/selenium-support-3.14.0.jar:/home/ubuntu/.m2/repository/net/bytebuddy/byte-buddy/1.9.3/byte-buddy-1.9.3.jar:/home/ubuntu/.m2/repository/org/apache/commons/commons-exec/1.3/commons-exec-1.3.jar:/home/ubuntu/.m2/repository/com/google/guava/guava/25.0-jre/guava-25.0-jre.jar:/home/ubuntu/.m2/repository/com/google/code/findbugs/jsr305/1.3.9/jsr305-1.3.9.jar:/home/ubuntu/.m2/repository/org/checkerframework/checker-compat-qual/2.0.0/checker-compat-qual-2.0.0.jar:/home/ubuntu/.m2/repository/com/google/errorprone/error_prone_annotations/2.1.3/error_prone_annotations-2.1.3.jar:/home/ubuntu/.m2/repository/com/google/j2objc/j2objc-annotations/1.1/j2objc-annotations-1.1.jar:/home/ubuntu/.m2/repository/org/codehaus/mojo/animal-sniffer-annotations/1.14/animal-sniffer-annotations-1.14.jar:/home/ubuntu/.m2/repository/com/squareup/okhttp3/okhttp/3.11.0/okhttp-3.11.0.jar:/home/ubuntu/.m2/repository/com/squareup/okio/okio/1.14.0/okio-1.14.0.jar:"/>
    <property name="java.vm.vendor" value="Oracle Corporation"/>
    <property name="sun.arch.data.model" value="64"/>
    <property name="java.vendor.url" value="http://java.oracle.com/"/>
    <property name="user.timezone" value=""/>
    <property name="java.vm.specification.version" value="1.8"/>
    <property name="os.name" value="Linux"/>
    <property name="user.country" value="US"/>
    <property name="sun.java.launcher" value="SUN_STANDARD"/>
    <property name="sun.boot.library.path" value="/cdrom/Satnam Backup/jdk1.8.0_231/jre/lib/amd64"/>
    <property name="sun.java.command" value="/cdrom/Satnam Backup/spring-kafka/testae/target/surefire/surefirebooter3075627011201967077.jar /cdrom/Satnam Backup/spring-kafka/testae/target/surefire 2019-11-18T14-00-22_233-jvmRun1 surefire4657086573981274124tmp surefire_05080600116055928530tmp"/>
    <property name="surefire.test.class.path" value="/cdrom/Satnam Backup/spring-kafka/testae/target/test-classes:/cdrom/Satnam Backup/spring-kafka/testae/target/classes:/home/ubuntu/.m2/repository/org/springframework/boot/spring-boot-starter/2.1.0.RELEASE/spring-boot-starter-2.1.0.RELEASE.jar:/home/ubuntu/.m2/repository/org/springframework/boot/spring-boot/2.1.0.RELEASE/spring-boot-2.1.0.RELEASE.jar:/home/ubuntu/.m2/repository/org/springframework/boot/spring-boot-autoconfigure/2.1.0.RELEASE/spring-boot-autoconfigure-2.1.0.RELEASE.jar:/home/ubuntu/.m2/repository/org/springframework/boot/spring-boot-starter-logging/2.1.0.RELEASE/spring-boot-starter-logging-2.1.0.RELEASE.jar:/home/ubuntu/.m2/repository/ch/qos/logback/logback-classic/1.2.3/logback-classic-1.2.3.jar:/home/ubuntu/.m2/repository/ch/qos/logback/logback-core/1.2.3/logback-core-1.2.3.jar:/home/ubuntu/.m2/repository/org/apache/logging/log4j/log4j-to-slf4j/2.11.1/log4j-to-slf4j-2.11.1.jar:/home/ubuntu/.m2/repository/org/apache/logging/log4j/log4j-api/2.11.1/log4j-api-2.11.1.jar:/home/ubuntu/.m2/repository/org/slf4j/jul-to-slf4j/1.7.25/jul-to-slf4j-1.7.25.jar:/home/ubuntu/.m2/repository/javax/annotation/javax.annotation-api/1.3.2/javax.annotation-api-1.3.2.jar:/home/ubuntu/.m2/repository/org/springframework/spring-core/5.1.2.RELEASE/spring-core-5.1.2.RELEASE.jar:/home/ubuntu/.m2/repository/org/springframework/spring-jcl/5.1.2.RELEASE/spring-jcl-5.1.2.RELEASE.jar:/home/ubuntu/.m2/repository/org/yaml/snakeyaml/1.23/snakeyaml-1.23.jar:/home/ubuntu/.m2/repository/org/springframework/kafka/spring-kafka/2.2.0.RELEASE/spring-kafka-2.2.0.RELEASE.jar:/home/ubuntu/.m2/repository/org/springframework/spring-context/5.1.2.RELEASE/spring-context-5.1.2.RELEASE.jar:/home/ubuntu/.m2/repository/org/springframework/spring-aop/5.1.2.RELEASE/spring-aop-5.1.2.RELEASE.jar:/home/ubuntu/.m2/repository/org/springframework/spring-beans/5.1.2.RELEASE/spring-beans-5.1.2.RELEASE.jar:/home/ubuntu/.m2/repository/org/springframework/spring-expression/5.1.2.RELEASE/spring-expression-5.1.2.RELEASE.jar:/home/ubuntu/.m2/repository/org/springframework/spring-messaging/5.1.2.RELEASE/spring-messaging-5.1.2.RELEASE.jar:/home/ubuntu/.m2/repository/org/springframework/spring-tx/5.1.2.RELEASE/spring-tx-5.1.2.RELEASE.jar:/home/ubuntu/.m2/repository/org/springframework/retry/spring-retry/1.2.2.RELEASE/spring-retry-1.2.2.RELEASE.jar:/home/ubuntu/.m2/repository/org/apache/kafka/kafka-clients/2.0.0/kafka-clients-2.0.0.jar:/home/ubuntu/.m2/repository/org/lz4/lz4-java/1.4.1/lz4-java-1.4.1.jar:/home/ubuntu/.m2/repository/org/xerial/snappy/snappy-java/1.1.7.1/snappy-java-1.1.7.1.jar:/home/ubuntu/.m2/repository/org/slf4j/slf4j-api/1.7.25/slf4j-api-1.7.25.jar:/home/ubuntu/.m2/repository/org/springframework/boot/spring-boot-starter-test/2.1.0.RELEASE/spring-boot-starter-test-2.1.0.RELEASE.jar:/home/ubuntu/.m2/repository/org/springframework/boot/spring-boot-test/2.1.0.RELEASE/spring-boot-test-2.1.0.RELEASE.jar:/home/ubuntu/.m2/repository/org/springframework/boot/spring-boot-test-autoconfigure/2.1.0.RELEASE/spring-boot-test-autoconfigure-2.1.0.RELEASE.jar:/home/ubuntu/.m2/repository/com/jayway/jsonpath/json-path/2.4.0/json-path-2.4.0.jar:/home/ubuntu/.m2/repository/net/minidev/json-smart/2.3/json-smart-2.3.jar:/home/ubuntu/.m2/repository/net/minidev/accessors-smart/1.2/accessors-smart-1.2.jar:/home/ubuntu/.m2/repository/org/ow2/asm/asm/5.0.4/asm-5.0.4.jar:/home/ubuntu/.m2/repository/junit/junit/4.12/junit-4.12.jar:/home/ubuntu/.m2/repository/org/assertj/assertj-core/3.11.1/assertj-core-3.11.1.jar:/home/ubuntu/.m2/repository/org/mockito/mockito-core/2.23.0/mockito-core-2.23.0.jar:/home/ubuntu/.m2/repository/net/bytebuddy/byte-buddy-agent/1.9.3/byte-buddy-agent-1.9.3.jar:/home/ubuntu/.m2/repository/org/objenesis/objenesis/2.6/objenesis-2.6.jar:/home/ubuntu/.m2/repository/org/hamcrest/hamcrest-core/1.3/hamcrest-core-1.3.jar:/home/ubuntu/.m2/repository/org/hamcrest/hamcrest-library/1.3/hamcrest-library-1.3.jar:/home/ubuntu/.m2/repository/org/skyscreamer/jsonassert/1.5.0/jsonassert-1.5.0.jar:/home/ubuntu/.m2/repository/com/vaadin/external/google/android-json/0.0.20131108.vaadin1/android-json-0.0.20131108.vaadin1.jar:/home/ubuntu/.m2/repository/org/springframework/spring-test/5.1.2.RELEASE/spring-test-5.1.2.RELEASE.jar:/home/ubuntu/.m2/repository/org/xmlunit/xmlunit-core/2.6.2/xmlunit-core-2.6.2.jar:/home/ubuntu/.m2/repository/org/springframework/kafka/spring-kafka-test/2.2.0.RELEASE/spring-kafka-test-2.2.0.RELEASE.jar:/home/ubuntu/.m2/repository/org/apache/kafka/kafka-clients/2.0.0/kafka-clients-2.0.0-test.jar:/home/ubuntu/.m2/repository/org/apache/kafka/kafka_2.11/2.0.0/kafka_2.11-2.0.0.jar:/home/ubuntu/.m2/repository/com/fasterxml/jackson/core/jackson-databind/2.9.7/jackson-databind-2.9.7.jar:/home/ubuntu/.m2/repository/com/fasterxml/jackson/core/jackson-annotations/2.9.0/jackson-annotations-2.9.0.jar:/home/ubuntu/.m2/repository/com/fasterxml/jackson/core/jackson-core/2.9.7/jackson-core-2.9.7.jar:/home/ubuntu/.m2/repository/net/sf/jopt-simple/jopt-simple/5.0.4/jopt-simple-5.0.4.jar:/home/ubuntu/.m2/repository/com/yammer/metrics/metrics-core/2.2.0/metrics-core-2.2.0.jar:/home/ubuntu/.m2/repository/org/scala-lang/scala-library/2.11.12/scala-library-2.11.12.jar:/home/ubuntu/.m2/repository/org/scala-lang/scala-reflect/2.11.12/scala-reflect-2.11.12.jar:/home/ubuntu/.m2/repository/com/typesafe/scala-logging/scala-logging_2.11/3.9.0/scala-logging_2.11-3.9.0.jar:/home/ubuntu/.m2/repository/com/101tec/zkclient/0.10/zkclient-0.10.jar:/home/ubuntu/.m2/repository/org/apache/zookeeper/zookeeper/3.4.13/zookeeper-3.4.13.jar:/home/ubuntu/.m2/repository/org/apache/yetus/audience-annotations/0.5.0/audience-annotations-0.5.0.jar:/home/ubuntu/.m2/repository/org/apache/kafka/kafka_2.11/2.0.0/kafka_2.11-2.0.0-test.jar:/home/ubuntu/.m2/repository/org/testng/testng/6.8/testng-6.8.jar:/home/ubuntu/.m2/repository/org/beanshell/bsh/2.0b4/bsh-2.0b4.jar:/home/ubuntu/.m2/repository/com/beust/jcommander/1.27/jcommander-1.27.jar:/home/ubuntu/.m2/repository/org/seleniumhq/selenium/selenium-java/3.141.59/selenium-java-3.141.59.jar:/home/ubuntu/.m2/repository/org/seleniumhq/selenium/selenium-api/3.14.0/selenium-api-3.14.0.jar:/home/ubuntu/.m2/repository/org/seleniumhq/selenium/selenium-chrome-driver/3.14.0/selenium-chrome-driver-3.14.0.jar:/home/ubuntu/.m2/repository/commons-codec/commons-codec/1.11/commons-codec-1.11.jar:/home/ubuntu/.m2/repository/commons-logging/commons-logging/1.2/commons-logging-1.2.jar:/home/ubuntu/.m2/repository/org/apache/httpcomponents/httpclient/4.5.6/httpclient-4.5.6.jar:/home/ubuntu/.m2/repository/org/apache/httpcomponents/httpcore/4.4.10/httpcore-4.4.10.jar:/home/ubuntu/.m2/repository/org/seleniumhq/selenium/selenium-edge-driver/3.14.0/selenium-edge-driver-3.14.0.jar:/home/ubuntu/.m2/repository/org/seleniumhq/selenium/selenium-firefox-driver/3.14.0/selenium-firefox-driver-3.14.0.jar:/home/ubuntu/.m2/repository/org/seleniumhq/selenium/selenium-ie-driver/3.14.0/selenium-ie-driver-3.14.0.jar:/home/ubuntu/.m2/repository/org/seleniumhq/selenium/selenium-opera-driver/3.14.0/selenium-opera-driver-3.14.0.jar:/home/ubuntu/.m2/repository/org/seleniumhq/selenium/selenium-remote-driver/3.14.0/selenium-remote-driver-3.14.0.jar:/home/ubuntu/.m2/repository/org/seleniumhq/selenium/selenium-safari-driver/3.14.0/selenium-safari-driver-3.14.0.jar:/home/ubuntu/.m2/repository/org/seleniumhq/selenium/selenium-support/3.14.0/selenium-support-3.14.0.jar:/home/ubuntu/.m2/repository/net/bytebuddy/byte-buddy/1.9.3/byte-buddy-1.9.3.jar:/home/ubuntu/.m2/repository/org/apache/commons/commons-exec/1.3/commons-exec-1.3.jar:/home/ubuntu/.m2/repository/com/google/guava/guava/25.0-jre/guava-25.0-jre.jar:/home/ubuntu/.m2/repository/com/google/code/findbugs/jsr305/1.3.9/jsr305-1.3.9.jar:/home/ubuntu/.m2/repository/org/checkerframework/checker-compat-qual/2.0.0/checker-compat-qual-2.0.0.jar:/home/ubuntu/.m2/repository/com/google/errorprone/error_prone_annotations/2.1.3/error_prone_annotations-2.1.3.jar:/home/ubuntu/.m2/repository/com/google/j2objc/j2objc-annotations/1.1/j2objc-annotations-1.1.jar:/home/ubuntu/.m2/repository/org/codehaus/mojo/animal-sniffer-annotations/1.14/animal-sniffer-annotations-1.14.jar:/home/ubuntu/.m2/repository/com/squareup/okhttp3/okhttp/3.11.0/okhttp-3.11.0.jar:/home/ubuntu/.m2/repository/com/squareup/okio/okio/1.14.0/okio-1.14.0.jar:"/>
    <property name="sun.cpu.endian" value="little"/>
    <property name="user.home" value="/home/ubuntu"/>
    <property name="user.language" value="en"/>
    <property name="java.specification.vendor" value="Oracle Corporation"/>
    <property name="java.home" value="/cdrom/Satnam Backup/jdk1.8.0_231/jre"/>
    <property name="basedir" value="/cdrom/Satnam Backup/spring-kafka/testae"/>
    <property name="style.color" value="always"/>
    <property name="file.separator" value="/"/>
    <property name="line.separator" value="&#10;"/>
    <property name="java.vm.specification.vendor" value="Oracle Corporation"/>
    <property name="java.specification.name" value="Java Platform API Specification"/>
    <property name="java.awt.graphicsenv" value="sun.awt.X11GraphicsEnvironment"/>
    <property name="surefire.real.class.path" value="/cdrom/Satnam Backup/spring-kafka/testae/target/surefire/surefirebooter3075627011201967077.jar"/>
    <property name="sun.boot.class.path" value="/cdrom/Satnam Backup/jdk1.8.0_231/jre/lib/resources.jar:/cdrom/Satnam Backup/jdk1.8.0_231/jre/lib/rt.jar:/cdrom/Satnam Backup/jdk1.8.0_231/jre/lib/sunrsasign.jar:/cdrom/Satnam Backup/jdk1.8.0_231/jre/lib/jsse.jar:/cdrom/Satnam Backup/jdk1.8.0_231/jre/lib/jce.jar:/cdrom/Satnam Backup/jdk1.8.0_231/jre/lib/charsets.jar:/cdrom/Satnam Backup/jdk1.8.0_231/jre/lib/jfr.jar:/cdrom/Satnam Backup/jdk1.8.0_231/jre/classes"/>
    <property name="sun.management.compiler" value="HotSpot 64-Bit Tiered Compilers"/>
    <property name="java.runtime.version" value="1.8.0_231-b11"/>
    <property name="user.name" value="ubuntu"/>
    <property name="path.separator" value=":"/>
    <property name="os.version" value="4.18.0-10-generic"/>
    <property name="java.endorsed.dirs" value="/cdrom/Satnam Backup/jdk1.8.0_231/jre/lib/endorsed"/>
    <property name="java.runtime.name" value="Java(TM) SE Runtime Environment"/>
    <property name="file.encoding" value="UTF-8"/>
    <property name="java.vm.name" value="Java HotSpot(TM) 64-Bit Server VM"/>
    <property name="localRepository" value="/home/ubuntu/.m2/repository"/>
    <property name="java.vendor.url.bug" value="http://bugreport.sun.com/bugreport/"/>
    <property name="java.io.tmpdir" value="/tmp"/>
    <property name="java.version" value="1.8.0_231"/>
    <property name="user.dir" value="/cdrom/Satnam Backup/spring-kafka/testae"/>
    <property name="os.arch" value="amd64"/>
    <property name="java.vm.specification.name" value="Java Virtual Machine Specification"/>
    <property name="java.awt.printerjob" value="sun.print.PSPrinterJob"/>
    <property name="sun.os.patch.level" value="unknown"/>
    <property name="java.library.path" value="/usr/java/packages/lib/amd64:/usr/lib64:/lib64:/lib:/usr/lib"/>
    <property name="java.vm.info" value="mixed mode"/>
    <property name="java.vendor" value="Oracle Corporation"/>
    <property name="java.vm.version" value="25.231-b11"/>
    <property name="java.ext.dirs" value="/cdrom/Satnam Backup/jdk1.8.0_231/jre/lib/ext:/usr/java/packages/lib/ext"/>
    <property name="sun.io.unicode.encoding" value="UnicodeLittle"/>
    <property name="java.class.version" value="52.0"/>
  </properties>
  <testcase name="testReceive on testReceive(com.ae.SpringKafkaAEApplicationTest)" classname="com.ae.SpringKafkaAEApplicationTest" time="0.498"/>
</testsuite>