<?xml version="1.0" encoding="UTF-8"?>
<!-- Generated by org.testng.reporters.JUnitReportReporter -->
<testsuite hostname="ubuntu" name="com.ae.SpringKafkaAEApplicationTest" tests="1" failures="0" timestamp="18 Nov 2019 14:00:33 GMT" time="0.499" errors="0">
  <testcase name="testReceive" time="0.499" classname="com.ae.SpringKafkaAEApplicationTest"/>
</testsuite> <!-- com.ae.SpringKafkaAEApplicationTest -->
